# JRE version: OpenJDK Runtime Environment (8.0_222-b10) (build 1.8.0_222-8u222-b10-1ubuntu1~16.04.1-b10)
# Java VM: OpenJDK 64-Bit Server VM (25.222-b10 mixed mode linux-amd64 compressed oops)
Heap:
 PSYoungGen      total 690688K, used 5039K [0x00000000d5580000, 0x0000000100000000, 0x0000000100000000)
  eden space 683520K, 0% used [0x00000000d5580000,0x00000000d5580000,0x00000000ff100000)
  from space 7168K, 70% used [0x00000000ff100000,0x00000000ff5ebf38,0x00000000ff800000)
  to   space 8192K, 0% used [0x00000000ff800000,0x00000000ff800000,0x0000000100000000)
 ParOldGen       total 642560K, used 642220K [0x0000000080000000, 0x00000000a7380000, 0x00000000d5580000)
  object space 642560K, 99% used [0x0000000080000000,0x00000000a732b098,0x00000000a7380000)
 Metaspace       used 28355K, capacity 28686K, committed 29056K, reserved 1075200K
  class space    used 3283K, capacity 3372K, committed 3456K, reserved 1048576K
GC Heap History (10 events):
Event: 3829.699 GC heap after
Heap after GC invocations=1450 (full 20):
 PSYoungGen      total 690176K, used 1408K [0x00000000d5580000, 0x00000000fff80000, 0x0000000100000000)
  eden space 682496K, 0% used [0x00000000d5580000,0x00000000d5580000,0x00000000ff000000)
  from space 7680K, 18% used [0x00000000ff780000,0x00000000ff8e0000,0x00000000fff00000)
  to   space 7680K, 0% used [0x00000000ff000000,0x00000000ff000000,0x00000000ff780000)
 ParOldGen       total 642560K, used 606322K [0x0000000080000000, 0x00000000a7380000, 0x00000000d5580000)
  object space 642560K, 94% used [0x0000000080000000,0x00000000a501c968,0x00000000a7380000)
 Metaspace       used 28311K, capacity 28558K, committed 29056K, reserved 1075200K
  class space    used 3283K, capacity 3372K, committed 3456K, reserved 1048576K
}
Event: 3832.968 GC heap before
{Heap before GC invocations=1451 (full 20):
 PSYoungGen      total 690176K, used 683904K [0x00000000d5580000, 0x00000000fff80000, 0x0000000100000000)
  eden space 682496K, 100% used [0x00000000d5580000,0x00000000ff000000,0x00000000ff000000)
  from space 7680K, 18% used [0x00000000ff780000,0x00000000ff8e0000,0x00000000fff00000)
  to   space 7680K, 0% used [0x00000000ff000000,0x00000000ff000000,0x00000000ff780000)
 ParOldGen       total 642560K, used 606322K [0x0000000080000000, 0x00000000a7380000, 0x00000000d5580000)
  object space 642560K, 94% used [0x0000000080000000,0x00000000a501c968,0x00000000a7380000)
 Metaspace       used 28311K, capacity 28558K, committed 29056K, reserved 1075200K
  class space    used 3283K, capacity 3372K, committed 3456K, reserved 1048576K
Event: 3832.971 GC heap after
Heap after GC invocations=1451 (full 20):
 PSYoungGen      total 690176K, used 1488K [0x00000000d5580000, 0x00000000fff00000, 0x0000000100000000)
  eden space 682496K, 0% used [0x00000000d5580000,0x00000000d5580000,0x00000000ff000000)
  from space 7680K, 19% used [0x00000000ff000000,0x00000000ff174120,0x00000000ff780000)
  to   space 7168K, 0% used [0x00000000ff800000,0x00000000ff800000,0x00000000fff00000)
 ParOldGen       total 642560K, used 606410K [0x0000000080000000, 0x00000000a7380000, 0x00000000d5580000)
  object space 642560K, 94% used [0x0000000080000000,0x00000000a5032968,0x00000000a7380000)
 Metaspace       used 28311K, capacity 28558K, committed 29056K, reserved 1075200K
  class space    used 3283K, capacity 3372K, committed 3456K, reserved 1048576K
}
Event: 3835.346 GC heap before
{Heap before GC invocations=1452 (full 20):
 PSYoungGen      total 690176K, used 476037K [0x00000000d5580000, 0x00000000fff00000, 0x0000000100000000)
  eden space 682496K, 69% used [0x00000000d5580000,0x00000000f24ed4a8,0x00000000ff000000)
  from space 7680K, 19% used [0x00000000ff000000,0x00000000ff174120,0x00000000ff780000)
  to   space 7168K, 0% used [0x00000000ff800000,0x00000000ff800000,0x00000000fff00000)
 ParOldGen       total 642560K, used 606410K [0x0000000080000000, 0x00000000a7380000, 0x00000000d5580000)
  object space 642560K, 94% used [0x0000000080000000,0x00000000a5032968,0x00000000a7380000)
 Metaspace       used 28318K, capacity 28558K, committed 29056K, reserved 1075200K
  class space    used 3283K, capacity 3372K, committed 3456K, reserved 1048576K
Event: 3835.351 GC heap after
Heap after GC invocations=1452 (full 20):
 PSYoungGen      total 690688K, used 1630K [0x00000000d5580000, 0x00000000fff00000, 0x0000000100000000)
  eden space 683520K, 0% used [0x00000000d5580000,0x00000000d5580000,0x00000000ff100000)
  from space 7168K, 22% used [0x00000000ff800000,0x00000000ff997b90,0x00000000fff00000)
  to   space 7168K, 0% used [0x00000000ff100000,0x00000000ff100000,0x00000000ff800000)
 ParOldGen       total 642560K, used 606522K [0x0000000080000000, 0x00000000a7380000, 0x00000000d5580000)
  object space 642560K, 94% used [0x0000000080000000,0x00000000a504e968,0x00000000a7380000)
 Metaspace       used 28318K, capacity 28558K, committed 29056K, reserved 1075200K
  class space    used 3283K, capacity 3372K, committed 3456K, reserved 1048576K
}
Event: 3835.351 GC heap before
{Heap before GC invocations=1453 (full 21):
 PSYoungGen      total 690688K, used 1630K [0x00000000d5580000, 0x00000000fff00000, 0x0000000100000000)
  eden space 683520K, 0% used [0x00000000d5580000,0x00000000d5580000,0x00000000ff100000)
  from space 7168K, 22% used [0x00000000ff800000,0x00000000ff997b90,0x00000000fff00000)
  to   space 7168K, 0% used [0x00000000ff100000,0x00000000ff100000,0x00000000ff800000)
 ParOldGen       total 642560K, used 606522K [0x0000000080000000, 0x00000000a7380000, 0x00000000d5580000)
  object space 642560K, 94% used [0x0000000080000000,0x00000000a504e968,0x00000000a7380000)
 Metaspace       used 28318K, capacity 28558K, committed 29056K, reserved 1075200K
  class space    used 3283K, capacity 3372K, committed 3456K, reserved 1048576K
Event: 3836.098 GC heap after
Heap after GC invocations=1453 (full 21):
 PSYoungGen      total 690688K, used 0K [0x00000000d5580000, 0x00000000fff00000, 0x0000000100000000)
  eden space 683520K, 0% used [0x00000000d5580000,0x00000000d5580000,0x00000000ff100000)
  from space 7168K, 0% used [0x00000000ff800000,0x00000000ff800000,0x00000000fff00000)
  to   space 7168K, 0% used [0x00000000ff100000,0x00000000ff100000,0x00000000ff800000)
 ParOldGen       total 642560K, used 606371K [0x0000000080000000, 0x00000000a7380000, 0x00000000d5580000)
  object space 642560K, 94% used [0x0000000080000000,0x00000000a5028fc0,0x00000000a7380000)
 Metaspace       used 28318K, capacity 28558K, committed 29056K, reserved 1075200K
  class space    used 3283K, capacity 3372K, committed 3456K, reserved 1048576K
}
Event: 3841.347 GC heap before
{Heap before GC invocations=1454 (full 21):
 PSYoungGen      total 690688K, used 683520K [0x00000000d5580000, 0x00000000fff00000, 0x0000000100000000)
  eden space 683520K, 100% used [0x00000000d5580000,0x00000000ff100000,0x00000000ff100000)
  from space 7168K, 0% used [0x00000000ff800000,0x00000000ff800000,0x00000000fff00000)
  to   space 7168K, 0% used [0x00000000ff100000,0x00000000ff100000,0x00000000ff800000)
 ParOldGen       total 642560K, used 606371K [0x0000000080000000, 0x00000000a7380000, 0x00000000d5580000)
  object space 642560K, 94% used [0x0000000080000000,0x00000000a5028fc0,0x00000000a7380000)
 Metaspace       used 28355K, capacity 28686K, committed 29056K, reserved 1075200K
  class space    used 3283K, capacity 3372K, committed 3456K, reserved 1048576K
Event: 3841.367 GC heap after
Heap after GC invocations=1454 (full 21):
 PSYoungGen      total 690688K, used 7163K [0x00000000d5580000, 0x0000000100000000, 0x0000000100000000)
  eden space 683520K, 0% used [0x00000000d5580000,0x00000000d5580000,0x00000000ff100000)
  from space 7168K, 99% used [0x00000000ff100000,0x00000000ff7fedb8,0x00000000ff800000)
  to   space 8192K, 0% used [0x00000000ff800000,0x00000000ff800000,0x0000000100000000)
 ParOldGen       total 642560K, used 640750K [0x0000000080000000, 0x00000000a7380000, 0x00000000d5580000)
  object space 642560K, 99% used [0x0000000080000000,0x00000000a71bbaa8,0x00000000a7380000)
 Metaspace       used 28355K, capacity 28686K, committed 29056K, reserved 1075200K
  class space    used 3283K, capacity 3372K, committed 3456K, reserved 1048576K
}
Event: 3841.367 GC heap before
{Heap before GC invocations=1455 (full 22):
 PSYoungGen      total 690688K, used 7163K [0x00000000d5580000, 0x0000000100000000, 0x0000000100000000)
  eden space 683520K, 0% used [0x00000000d5580000,0x00000000d5580000,0x00000000ff100000)
  from space 7168K, 99% used [0x00000000ff100000,0x00000000ff7fedb8,0x00000000ff800000)
  to   space 8192K, 0% used [0x00000000ff800000,0x00000000ff800000,0x0000000100000000)
 ParOldGen       total 642560K, used 640750K [0x0000000080000000, 0x00000000a7380000, 0x00000000d5580000)
  object space 642560K, 99% used [0x0000000080000000,0x00000000a71bbaa8,0x00000000a7380000)
 Metaspace       used 28355K, capacity 28686K, committed 29056K, reserved 1075200K
  class space    used 3283K, capacity 3372K, committed 3456K, reserved 1048576K

