# JRE version: OpenJDK Runtime Environment (8.0_222-b10) (build 1.8.0_222-8u222-b10-1ubuntu1~16.04.1-b10)
# Java VM: OpenJDK 64-Bit Server VM (25.222-b10 mixed mode linux-amd64 compressed oops)
Heap:
 PSYoungGen      total 223744K, used 1536K [0x00000000d5580000, 0x00000000e3200000, 0x0000000100000000)
  eden space 222208K, 0% used [0x00000000d5580000,0x00000000d5580000,0x00000000e2e80000)
  from space 1536K, 100% used [0x00000000e2e80000,0x00000000e3000000,0x00000000e3000000)
  to   space 1536K, 0% used [0x00000000e3000000,0x00000000e3000000,0x00000000e3180000)
 ParOldGen       total 251392K, used 143175K [0x0000000080000000, 0x000000008f580000, 0x00000000d5580000)
  object space 251392K, 56% used [0x0000000080000000,0x0000000088bd1f78,0x000000008f580000)
 Metaspace       used 26956K, capacity 27252K, committed 27776K, reserved 1073152K
  class space    used 3256K, capacity 3345K, committed 3456K, reserved 1048576K
GC Heap History (10 events):
Event: 1719.667 GC heap after
Heap after GC invocations=1373 (full 5):
 PSYoungGen      total 212992K, used 558K [0x00000000d5580000, 0x00000000e2700000, 0x0000000100000000)
  eden space 211968K, 0% used [0x00000000d5580000,0x00000000d5580000,0x00000000e2480000)
  from space 1024K, 54% used [0x00000000e2580000,0x00000000e260baf0,0x00000000e2680000)
  to   space 1024K, 0% used [0x00000000e2480000,0x00000000e2480000,0x00000000e2580000)
 ParOldGen       total 251392K, used 142095K [0x0000000080000000, 0x000000008f580000, 0x00000000d5580000)
  object space 251392K, 56% used [0x0000000080000000,0x0000000088ac3e78,0x000000008f580000)
 Metaspace       used 26956K, capacity 27252K, committed 27776K, reserved 1073152K
  class space    used 3256K, capacity 3345K, committed 3456K, reserved 1048576K
}
Event: 1730.776 GC heap before
{Heap before GC invocations=1374 (full 5):
 PSYoungGen      total 212992K, used 212526K [0x00000000d5580000, 0x00000000e2700000, 0x0000000100000000)
  eden space 211968K, 100% used [0x00000000d5580000,0x00000000e2480000,0x00000000e2480000)
  from space 1024K, 54% used [0x00000000e2580000,0x00000000e260baf0,0x00000000e2680000)
  to   space 1024K, 0% used [0x00000000e2480000,0x00000000e2480000,0x00000000e2580000)
 ParOldGen       total 251392K, used 142095K [0x0000000080000000, 0x000000008f580000, 0x00000000d5580000)
  object space 251392K, 56% used [0x0000000080000000,0x0000000088ac3e78,0x000000008f580000)
 Metaspace       used 26956K, capacity 27252K, committed 27776K, reserved 1073152K
  class space    used 3256K, capacity 3345K, committed 3456K, reserved 1048576K
Event: 1730.895 GC heap after
Heap after GC invocations=1374 (full 5):
 PSYoungGen      total 212992K, used 690K [0x00000000d5580000, 0x00000000e2c00000, 0x0000000100000000)
  eden space 211968K, 0% used [0x00000000d5580000,0x00000000d5580000,0x00000000e2480000)
  from space 1024K, 67% used [0x00000000e2480000,0x00000000e252c970,0x00000000e2580000)
  to   space 1024K, 0% used [0x00000000e2b00000,0x00000000e2b00000,0x00000000e2c00000)
 ParOldGen       total 251392K, used 142127K [0x0000000080000000, 0x000000008f580000, 0x00000000d5580000)
  object space 251392K, 56% used [0x0000000080000000,0x0000000088acbe78,0x000000008f580000)
 Metaspace       used 26956K, capacity 27252K, committed 27776K, reserved 1073152K
  class space    used 3256K, capacity 3345K, committed 3456K, reserved 1048576K
}
Event: 1765.044 GC heap before
{Heap before GC invocations=1375 (full 5):
 PSYoungGen      total 212992K, used 212658K [0x00000000d5580000, 0x00000000e2c00000, 0x0000000100000000)
  eden space 211968K, 100% used [0x00000000d5580000,0x00000000e2480000,0x00000000e2480000)
  from space 1024K, 67% used [0x00000000e2480000,0x00000000e252c970,0x00000000e2580000)
  to   space 1024K, 0% used [0x00000000e2b00000,0x00000000e2b00000,0x00000000e2c00000)
 ParOldGen       total 251392K, used 142127K [0x0000000080000000, 0x000000008f580000, 0x00000000d5580000)
  object space 251392K, 56% used [0x0000000080000000,0x0000000088acbe78,0x000000008f580000)
 Metaspace       used 26956K, capacity 27252K, committed 27776K, reserved 1073152K
  class space    used 3256K, capacity 3345K, committed 3456K, reserved 1048576K
Event: 1765.053 GC heap after
Heap after GC invocations=1375 (full 5):
 PSYoungGen      total 217600K, used 1000K [0x00000000d5580000, 0x00000000e2c00000, 0x0000000100000000)
  eden space 216576K, 0% used [0x00000000d5580000,0x00000000d5580000,0x00000000e2900000)
  from space 1024K, 97% used [0x00000000e2b00000,0x00000000e2bfa2b0,0x00000000e2c00000)
  to   space 1024K, 0% used [0x00000000e2a00000,0x00000000e2a00000,0x00000000e2b00000)
 ParOldGen       total 251392K, used 142270K [0x0000000080000000, 0x000000008f580000, 0x00000000d5580000)
  object space 251392K, 56% used [0x0000000080000000,0x0000000088aefa20,0x000000008f580000)
 Metaspace       used 26956K, capacity 27252K, committed 27776K, reserved 1073152K
  class space    used 3256K, capacity 3345K, committed 3456K, reserved 1048576K
}
Event: 1768.556 GC heap before
{Heap before GC invocations=1376 (full 5):
 PSYoungGen      total 217600K, used 217576K [0x00000000d5580000, 0x00000000e2c00000, 0x0000000100000000)
  eden space 216576K, 100% used [0x00000000d5580000,0x00000000e2900000,0x00000000e2900000)
  from space 1024K, 97% used [0x00000000e2b00000,0x00000000e2bfa2b0,0x00000000e2c00000)
  to   space 1024K, 0% used [0x00000000e2a00000,0x00000000e2a00000,0x00000000e2b00000)
 ParOldGen       total 251392K, used 142270K [0x0000000080000000, 0x000000008f580000, 0x00000000d5580000)
  object space 251392K, 56% used [0x0000000080000000,0x0000000088aefa20,0x000000008f580000)
 Metaspace       used 26956K, capacity 27252K, committed 27776K, reserved 1073152K
  class space    used 3256K, capacity 3345K, committed 3456K, reserved 1048576K
Event: 1768.622 GC heap after
Heap after GC invocations=1376 (full 5):
 PSYoungGen      total 218624K, used 950K [0x00000000d5580000, 0x00000000e3180000, 0x0000000100000000)
  eden space 217600K, 0% used [0x00000000d5580000,0x00000000d5580000,0x00000000e2a00000)
  from space 1024K, 92% used [0x00000000e2a00000,0x00000000e2aed9d8,0x00000000e2b00000)
  to   space 1536K, 0% used [0x00000000e3000000,0x00000000e3000000,0x00000000e3180000)
 ParOldGen       total 251392K, used 142400K [0x0000000080000000, 0x000000008f580000, 0x00000000d5580000)
  object space 251392K, 56% used [0x0000000080000000,0x0000000088b10390,0x000000008f580000)
 Metaspace       used 26956K, capacity 27252K, committed 27776K, reserved 1073152K
  class space    used 3256K, capacity 3345K, committed 3456K, reserved 1048576K
}
Event: 1782.265 GC heap before
{Heap before GC invocations=1377 (full 5):
 PSYoungGen      total 218624K, used 218550K [0x00000000d5580000, 0x00000000e3180000, 0x0000000100000000)
  eden space 217600K, 100% used [0x00000000d5580000,0x00000000e2a00000,0x00000000e2a00000)
  from space 1024K, 92% used [0x00000000e2a00000,0x00000000e2aed9d8,0x00000000e2b00000)
  to   space 1536K, 0% used [0x00000000e3000000,0x00000000e3000000,0x00000000e3180000)
 ParOldGen       total 251392K, used 142751K [0x0000000080000000, 0x000000008f580000, 0x00000000d5580000)
  object space 251392K, 56% used [0x0000000080000000,0x0000000088b67db8,0x000000008f580000)
 Metaspace       used 26956K, capacity 27252K, committed 27776K, reserved 1073152K
  class space    used 3256K, capacity 3345K, committed 3456K, reserved 1048576K
Event: 1782.345 GC heap after
Heap after GC invocations=1377 (full 5):
 PSYoungGen      total 223744K, used 1150K [0x00000000d5580000, 0x00000000e3200000, 0x0000000100000000)
  eden space 222208K, 0% used [0x00000000d5580000,0x00000000d5580000,0x00000000e2e80000)
  from space 1536K, 74% used [0x00000000e3000000,0x00000000e311fa40,0x00000000e3180000)
  to   space 1536K, 0% used [0x00000000e2e80000,0x00000000e2e80000,0x00000000e3000000)
 ParOldGen       total 251392K, used 142751K [0x0000000080000000, 0x000000008f580000, 0x00000000d5580000)
  object space 251392K, 56% used [0x0000000080000000,0x0000000088b67db8,0x000000008f580000)
 Metaspace       used 26956K, capacity 27252K, committed 27776K, reserved 1073152K
  class space    used 3256K, capacity 3345K, committed 3456K, reserved 1048576K
}
Event: 1826.627 GC heap before
{Heap before GC invocations=1378 (full 5):
 PSYoungGen      total 223744K, used 223358K [0x00000000d5580000, 0x00000000e3200000, 0x0000000100000000)
  eden space 222208K, 100% used [0x00000000d5580000,0x00000000e2e80000,0x00000000e2e80000)
  from space 1536K, 74% used [0x00000000e3000000,0x00000000e311fa40,0x00000000e3180000)
  to   space 1536K, 0% used [0x00000000e2e80000,0x00000000e2e80000,0x00000000e3000000)
 ParOldGen       total 251392K, used 142751K [0x0000000080000000, 0x000000008f580000, 0x00000000d5580000)
  object space 251392K, 56% used [0x0000000080000000,0x0000000088b67db8,0x000000008f580000)
 Metaspace       used 26956K, capacity 27252K, committed 27776K, reserved 1073152K
  class space    used 3256K, capacity 3345K, committed 3456K, reserved 1048576K

