# JRE version: OpenJDK Runtime Environment (8.0_222-b10) (build 1.8.0_222-8u222-b10-1ubuntu1~16.04.1-b10)
# Java VM: OpenJDK 64-Bit Server VM (25.222-b10 mixed mode linux-amd64 compressed oops)
Heap:
 PSYoungGen      total 698368K, used 25951K [0x00000000d5580000, 0x0000000100000000, 0x0000000100000000)
  eden space 697856K, 3% used [0x00000000d5580000,0x00000000d6ed7c48,0x00000000fff00000)
  from space 512K, 0% used [0x00000000fff00000,0x00000000fff00000,0x00000000fff80000)
  to   space 512K, 0% used [0x00000000fff80000,0x00000000fff80000,0x0000000100000000)
 ParOldGen       total 466432K, used 466401K [0x0000000080000000, 0x000000009c780000, 0x00000000d5580000)
  object space 466432K, 99% used [0x0000000080000000,0x000000009c7785f0,0x000000009c780000)
 Metaspace       used 31698K, capacity 32014K, committed 32512K, reserved 1077248K
  class space    used 3657K, capacity 3758K, committed 3840K, reserved 1048576K
GC Heap History (10 events):
Event: 10252.284 GC heap after
Heap after GC invocations=6600 (full 17):
 PSYoungGen      total 698368K, used 308K [0x00000000d5580000, 0x0000000100000000, 0x0000000100000000)
  eden space 697856K, 0% used [0x00000000d5580000,0x00000000d5580000,0x00000000fff00000)
  from space 512K, 60% used [0x00000000fff00000,0x00000000fff4d370,0x00000000fff80000)
  to   space 512K, 0% used [0x00000000fff80000,0x00000000fff80000,0x0000000100000000)
 ParOldGen       total 433152K, used 391288K [0x0000000080000000, 0x000000009a700000, 0x00000000d5580000)
  object space 433152K, 90% used [0x0000000080000000,0x0000000097e1e268,0x000000009a700000)
 Metaspace       used 31644K, capacity 31974K, committed 32256K, reserved 1077248K
  class space    used 3659K, capacity 3762K, committed 3840K, reserved 1048576K
}
Event: 10253.756 GC heap before
{Heap before GC invocations=6601 (full 17):
 PSYoungGen      total 698368K, used 698164K [0x00000000d5580000, 0x0000000100000000, 0x0000000100000000)
  eden space 697856K, 100% used [0x00000000d5580000,0x00000000fff00000,0x00000000fff00000)
  from space 512K, 60% used [0x00000000fff00000,0x00000000fff4d370,0x00000000fff80000)
  to   space 512K, 0% used [0x00000000fff80000,0x00000000fff80000,0x0000000100000000)
 ParOldGen       total 433152K, used 391288K [0x0000000080000000, 0x000000009a700000, 0x00000000d5580000)
  object space 433152K, 90% used [0x0000000080000000,0x0000000097e1e268,0x000000009a700000)
 Metaspace       used 31644K, capacity 31974K, committed 32256K, reserved 1077248K
  class space    used 3659K, capacity 3762K, committed 3840K, reserved 1048576K
Event: 10253.758 GC heap after
Heap after GC invocations=6601 (full 17):
 PSYoungGen      total 698368K, used 320K [0x00000000d5580000, 0x0000000100000000, 0x0000000100000000)
  eden space 697856K, 0% used [0x00000000d5580000,0x00000000d5580000,0x00000000fff00000)
  from space 512K, 62% used [0x00000000fff80000,0x00000000fffd0000,0x0000000100000000)
  to   space 512K, 0% used [0x00000000fff00000,0x00000000fff00000,0x00000000fff80000)
 ParOldGen       total 433152K, used 391312K [0x0000000080000000, 0x000000009a700000, 0x00000000d5580000)
  object space 433152K, 90% used [0x0000000080000000,0x0000000097e24268,0x000000009a700000)
 Metaspace       used 31644K, capacity 31974K, committed 32256K, reserved 1077248K
  class space    used 3659K, capacity 3762K, committed 3840K, reserved 1048576K
}
Event: 10254.860 GC heap before
{Heap before GC invocations=6602 (full 17):
 PSYoungGen      total 698368K, used 330622K [0x00000000d5580000, 0x0000000100000000, 0x0000000100000000)
  eden space 697856K, 47% used [0x00000000d5580000,0x00000000e980faf8,0x00000000fff00000)
  from space 512K, 62% used [0x00000000fff80000,0x00000000fffd0000,0x0000000100000000)
  to   space 512K, 0% used [0x00000000fff00000,0x00000000fff00000,0x00000000fff80000)
 ParOldGen       total 433152K, used 391312K [0x0000000080000000, 0x000000009a700000, 0x00000000d5580000)
  object space 433152K, 90% used [0x0000000080000000,0x0000000097e24268,0x000000009a700000)
 Metaspace       used 31654K, capacity 31974K, committed 32256K, reserved 1077248K
  class space    used 3659K, capacity 3762K, committed 3840K, reserved 1048576K
Event: 10254.864 GC heap after
Heap after GC invocations=6602 (full 17):
 PSYoungGen      total 698368K, used 482K [0x00000000d5580000, 0x0000000100000000, 0x0000000100000000)
  eden space 697856K, 0% used [0x00000000d5580000,0x00000000d5580000,0x00000000fff00000)
  from space 512K, 94% used [0x00000000fff00000,0x00000000fff788b0,0x00000000fff80000)
  to   space 512K, 0% used [0x00000000fff80000,0x00000000fff80000,0x0000000100000000)
 ParOldGen       total 433152K, used 391552K [0x0000000080000000, 0x000000009a700000, 0x00000000d5580000)
  object space 433152K, 90% used [0x0000000080000000,0x0000000097e60268,0x000000009a700000)
 Metaspace       used 31654K, capacity 31974K, committed 32256K, reserved 1077248K
  class space    used 3659K, capacity 3762K, committed 3840K, reserved 1048576K
}
Event: 10254.865 GC heap before
{Heap before GC invocations=6603 (full 18):
 PSYoungGen      total 698368K, used 482K [0x00000000d5580000, 0x0000000100000000, 0x0000000100000000)
  eden space 697856K, 0% used [0x00000000d5580000,0x00000000d5580000,0x00000000fff00000)
  from space 512K, 94% used [0x00000000fff00000,0x00000000fff788b0,0x00000000fff80000)
  to   space 512K, 0% used [0x00000000fff80000,0x00000000fff80000,0x0000000100000000)
 ParOldGen       total 433152K, used 391552K [0x0000000080000000, 0x000000009a700000, 0x00000000d5580000)
  object space 433152K, 90% used [0x0000000080000000,0x0000000097e60268,0x000000009a700000)
 Metaspace       used 31654K, capacity 31974K, committed 32256K, reserved 1077248K
  class space    used 3659K, capacity 3762K, committed 3840K, reserved 1048576K
Event: 10255.228 GC heap after
Heap after GC invocations=6603 (full 18):
 PSYoungGen      total 698368K, used 0K [0x00000000d5580000, 0x0000000100000000, 0x0000000100000000)
  eden space 697856K, 0% used [0x00000000d5580000,0x00000000d5580000,0x00000000fff00000)
  from space 512K, 0% used [0x00000000fff00000,0x00000000fff00000,0x00000000fff80000)
  to   space 512K, 0% used [0x00000000fff80000,0x00000000fff80000,0x0000000100000000)
 ParOldGen       total 433152K, used 348595K [0x0000000080000000, 0x000000009a700000, 0x00000000d5580000)
  object space 433152K, 80% used [0x0000000080000000,0x000000009546cf78,0x000000009a700000)
 Metaspace       used 31595K, capacity 31878K, committed 32256K, reserved 1077248K
  class space    used 3651K, capacity 3746K, committed 3840K, reserved 1048576K
}
Event: 10259.813 GC heap before
{Heap before GC invocations=6604 (full 18):
 PSYoungGen      total 698368K, used 697856K [0x00000000d5580000, 0x0000000100000000, 0x0000000100000000)
  eden space 697856K, 100% used [0x00000000d5580000,0x00000000fff00000,0x00000000fff00000)
  from space 512K, 0% used [0x00000000fff00000,0x00000000fff00000,0x00000000fff80000)
  to   space 512K, 0% used [0x00000000fff80000,0x00000000fff80000,0x0000000100000000)
 ParOldGen       total 433152K, used 348595K [0x0000000080000000, 0x000000009a700000, 0x00000000d5580000)
  object space 433152K, 80% used [0x0000000080000000,0x000000009546cf78,0x000000009a700000)
 Metaspace       used 31698K, capacity 32014K, committed 32512K, reserved 1077248K
  class space    used 3657K, capacity 3758K, committed 3840K, reserved 1048576K
Event: 10260.060 GC heap after
Heap after GC invocations=6604 (full 18):
 PSYoungGen      total 698368K, used 697856K [0x00000000d5580000, 0x0000000100000000, 0x0000000100000000)
  eden space 697856K, 100% used [0x00000000d5580000,0x00000000fff00000,0x00000000fff00000)
  from space 512K, 0% used [0x00000000fff00000,0x00000000fff00000,0x00000000fff80000)
  to   space 512K, 100% used [0x00000000fff80000,0x0000000100000000,0x0000000100000000)
 ParOldGen       total 466432K, used 464557K [0x0000000080000000, 0x000000009c780000, 0x00000000d5580000)
  object space 466432K, 99% used [0x0000000080000000,0x000000009c5ab730,0x000000009c780000)
 Metaspace       used 31698K, capacity 32014K, committed 32512K, reserved 1077248K
  class space    used 3657K, capacity 3758K, committed 3840K, reserved 1048576K
}
Event: 10260.062 GC heap before
{Heap before GC invocations=6605 (full 19):
 PSYoungGen      total 698368K, used 697856K [0x00000000d5580000, 0x0000000100000000, 0x0000000100000000)
  eden space 697856K, 100% used [0x00000000d5580000,0x00000000fff00000,0x00000000fff00000)
  from space 512K, 0% used [0x00000000fff00000,0x00000000fff00000,0x00000000fff80000)
  to   space 512K, 100% used [0x00000000fff80000,0x0000000100000000,0x0000000100000000)
 ParOldGen       total 466432K, used 464557K [0x0000000080000000, 0x000000009c780000, 0x00000000d5580000)
  object space 466432K, 99% used [0x0000000080000000,0x000000009c5ab730,0x000000009c780000)
 Metaspace       used 31698K, capacity 32014K, committed 32512K, reserved 1077248K
  class space    used 3657K, capacity 3758K, committed 3840K, reserved 1048576K

