# JRE version: OpenJDK Runtime Environment (8.0_222-b10) (build 1.8.0_222-8u222-b10-1ubuntu1~16.04.1-b10)
# Java VM: OpenJDK 64-Bit Server VM (25.222-b10 mixed mode linux-amd64 compressed oops)
Heap:
 PSYoungGen      total 1319936K, used 29105K [0x000000076ab00000, 0x00000007c0000000, 0x00000007c0000000)
  eden space 1251328K, 2% used [0x000000076ab00000,0x000000076c76c7e0,0x00000007b7100000)
  from space 68608K, 0% used [0x00000007bbb80000,0x00000007bbb80000,0x00000007bfe80000)
  to   space 73216K, 0% used [0x00000007b7100000,0x00000007b7100000,0x00000007bb880000)
 ParOldGen       total 1269248K, used 1269158K [0x00000006c0000000, 0x000000070d780000, 0x000000076ab00000)
  object space 1269248K, 99% used [0x00000006c0000000,0x000000070d769810,0x000000070d780000)
 Metaspace       used 30163K, capacity 30500K, committed 30976K, reserved 1077248K
  class space    used 3397K, capacity 3473K, committed 3584K, reserved 1048576K
GC Heap History (10 events):
Event: 21301.698 GC heap after
Heap after GC invocations=12944 (full 55):
 PSYoungGen      total 1326592K, used 48294K [0x000000076ab00000, 0x00000007c0000000, 0x00000007c0000000)
  eden space 1256448K, 0% used [0x000000076ab00000,0x000000076ab00000,0x00000007b7600000)
  from space 70144K, 68% used [0x00000007b7600000,0x00000007ba529988,0x00000007bba80000)
  to   space 70144K, 0% used [0x00000007bbb80000,0x00000007bbb80000,0x00000007c0000000)
 ParOldGen       total 1269248K, used 1202587K [0x00000006c0000000, 0x000000070d780000, 0x000000076ab00000)
  object space 1269248K, 94% used [0x00000006c0000000,0x0000000709666d28,0x000000070d780000)
 Metaspace       used 30181K, capacity 30514K, committed 30976K, reserved 1077248K
  class space    used 3398K, capacity 3486K, committed 3584K, reserved 1048576K
}
Event: 21314.989 GC heap before
{Heap before GC invocations=12945 (full 55):
 PSYoungGen      total 1326592K, used 1304742K [0x000000076ab00000, 0x00000007c0000000, 0x00000007c0000000)
  eden space 1256448K, 100% used [0x000000076ab00000,0x00000007b7600000,0x00000007b7600000)
  from space 70144K, 68% used [0x00000007b7600000,0x00000007ba529988,0x00000007bba80000)
  to   space 70144K, 0% used [0x00000007bbb80000,0x00000007bbb80000,0x00000007c0000000)
 ParOldGen       total 1269248K, used 1202587K [0x00000006c0000000, 0x000000070d780000, 0x000000076ab00000)
  object space 1269248K, 94% used [0x00000006c0000000,0x0000000709666d28,0x000000070d780000)
 Metaspace       used 30181K, capacity 30514K, committed 30976K, reserved 1077248K
  class space    used 3398K, capacity 3486K, committed 3584K, reserved 1048576K
Event: 21315.001 GC heap after
Heap after GC invocations=12945 (full 55):
 PSYoungGen      total 1326592K, used 47973K [0x000000076ab00000, 0x00000007bff00000, 0x00000007c0000000)
  eden space 1257472K, 0% used [0x000000076ab00000,0x000000076ab00000,0x00000007b7700000)
  from space 69120K, 69% used [0x00000007bbb80000,0x00000007bea59558,0x00000007bff00000)
  to   space 69632K, 0% used [0x00000007b7700000,0x00000007b7700000,0x00000007bbb00000)
 ParOldGen       total 1269248K, used 1202587K [0x00000006c0000000, 0x000000070d780000, 0x000000076ab00000)
  object space 1269248K, 94% used [0x00000006c0000000,0x0000000709666d28,0x000000070d780000)
 Metaspace       used 30181K, capacity 30514K, committed 30976K, reserved 1077248K
  class space    used 3398K, capacity 3486K, committed 3584K, reserved 1048576K
}
Event: 21325.404 GC heap before
{Heap before GC invocations=12946 (full 55):
 PSYoungGen      total 1326592K, used 1305445K [0x000000076ab00000, 0x00000007bff00000, 0x00000007c0000000)
  eden space 1257472K, 100% used [0x000000076ab00000,0x00000007b7700000,0x00000007b7700000)
  from space 69120K, 69% used [0x00000007bbb80000,0x00000007bea59558,0x00000007bff00000)
  to   space 69632K, 0% used [0x00000007b7700000,0x00000007b7700000,0x00000007bbb00000)
 ParOldGen       total 1269248K, used 1202587K [0x00000006c0000000, 0x000000070d780000, 0x000000076ab00000)
  object space 1269248K, 94% used [0x00000006c0000000,0x0000000709666d28,0x000000070d780000)
 Metaspace       used 30181K, capacity 30514K, committed 30976K, reserved 1077248K
  class space    used 3398K, capacity 3486K, committed 3584K, reserved 1048576K
Event: 21325.415 GC heap after
Heap after GC invocations=12946 (full 55):
 PSYoungGen      total 1327104K, used 48021K [0x000000076ab00000, 0x00000007bfe80000, 0x00000007c0000000)
  eden space 1257472K, 0% used [0x000000076ab00000,0x000000076ab00000,0x00000007b7700000)
  from space 69632K, 68% used [0x00000007b7700000,0x00000007ba5e55a8,0x00000007bbb00000)
  to   space 68608K, 0% used [0x00000007bbb80000,0x00000007bbb80000,0x00000007bfe80000)
 ParOldGen       total 1269248K, used 1202587K [0x00000006c0000000, 0x000000070d780000, 0x000000076ab00000)
  object space 1269248K, 94% used [0x00000006c0000000,0x0000000709666d28,0x000000070d780000)
 Metaspace       used 30181K, capacity 30514K, committed 30976K, reserved 1077248K
  class space    used 3398K, capacity 3486K, committed 3584K, reserved 1048576K
}
Event: 30086.209 GC heap before
{Heap before GC invocations=12947 (full 55):
 PSYoungGen      total 1327104K, used 933791K [0x000000076ab00000, 0x00000007bfe80000, 0x00000007c0000000)
  eden space 1257472K, 70% used [0x000000076ab00000,0x00000007a0c02968,0x00000007b7700000)
  from space 69632K, 68% used [0x00000007b7700000,0x00000007ba5e55a8,0x00000007bbb00000)
  to   space 68608K, 0% used [0x00000007bbb80000,0x00000007bbb80000,0x00000007bfe80000)
 ParOldGen       total 1269248K, used 1202587K [0x00000006c0000000, 0x000000070d780000, 0x000000076ab00000)
  object space 1269248K, 94% used [0x00000006c0000000,0x0000000709666d28,0x000000070d780000)
 Metaspace       used 30212K, capacity 30514K, committed 30976K, reserved 1077248K
  class space    used 3404K, capacity 3486K, committed 3584K, reserved 1048576K
Event: 30086.592 GC heap after
Heap after GC invocations=12947 (full 55):
 PSYoungGen      total 1319936K, used 2194K [0x000000076ab00000, 0x00000007c0000000, 0x00000007c0000000)
  eden space 1251328K, 0% used [0x000000076ab00000,0x000000076ab00000,0x00000007b7100000)
  from space 68608K, 3% used [0x00000007bbb80000,0x00000007bbda4860,0x00000007bfe80000)
  to   space 73216K, 0% used [0x00000007b7100000,0x00000007b7100000,0x00000007bb880000)
 ParOldGen       total 1269248K, used 1249289K [0x00000006c0000000, 0x000000070d780000, 0x000000076ab00000)
  object space 1269248K, 98% used [0x00000006c0000000,0x000000070c4025d0,0x000000070d780000)
 Metaspace       used 30212K, capacity 30514K, committed 30976K, reserved 1077248K
  class space    used 3404K, capacity 3486K, committed 3584K, reserved 1048576K
}
Event: 30086.592 GC heap before
{Heap before GC invocations=12948 (full 56):
 PSYoungGen      total 1319936K, used 2194K [0x000000076ab00000, 0x00000007c0000000, 0x00000007c0000000)
  eden space 1251328K, 0% used [0x000000076ab00000,0x000000076ab00000,0x00000007b7100000)
  from space 68608K, 3% used [0x00000007bbb80000,0x00000007bbda4860,0x00000007bfe80000)
  to   space 73216K, 0% used [0x00000007b7100000,0x00000007b7100000,0x00000007bb880000)
 ParOldGen       total 1269248K, used 1249289K [0x00000006c0000000, 0x000000070d780000, 0x000000076ab00000)
  object space 1269248K, 98% used [0x00000006c0000000,0x000000070c4025d0,0x000000070d780000)
 Metaspace       used 30212K, capacity 30514K, committed 30976K, reserved 1077248K
  class space    used 3404K, capacity 3486K, committed 3584K, reserved 1048576K
Event: 30091.680 GC heap after
Heap after GC invocations=12948 (full 56):
 PSYoungGen      total 1319936K, used 0K [0x000000076ab00000, 0x00000007c0000000, 0x00000007c0000000)
  eden space 1251328K, 0% used [0x000000076ab00000,0x000000076ab00000,0x00000007b7100000)
  from space 68608K, 0% used [0x00000007bbb80000,0x00000007bbb80000,0x00000007bfe80000)
  to   space 73216K, 0% used [0x00000007b7100000,0x00000007b7100000,0x00000007bb880000)
 ParOldGen       total 1269248K, used 1249671K [0x00000006c0000000, 0x000000070d780000, 0x000000076ab00000)
  object space 1269248K, 98% used [0x00000006c0000000,0x000000070c461f78,0x000000070d780000)
 Metaspace       used 30100K, capacity 30346K, committed 30976K, reserved 1077248K
  class space    used 3389K, capacity 3458K, committed 3584K, reserved 1048576K
}
Event: 30118.317 GC heap before
{Heap before GC invocations=12949 (full 57):
 PSYoungGen      total 1319936K, used 1251328K [0x000000076ab00000, 0x00000007c0000000, 0x00000007c0000000)
  eden space 1251328K, 100% used [0x000000076ab00000,0x00000007b7100000,0x00000007b7100000)
  from space 68608K, 0% used [0x00000007bbb80000,0x00000007bbb80000,0x00000007bfe80000)
  to   space 73216K, 0% used [0x00000007b7100000,0x00000007b7100000,0x00000007bb880000)
 ParOldGen       total 1269248K, used 1249671K [0x00000006c0000000, 0x000000070d780000, 0x000000076ab00000)
  object space 1269248K, 98% used [0x00000006c0000000,0x000000070c461f78,0x000000070d780000)
 Metaspace       used 30163K, capacity 30500K, committed 30976K, reserved 1077248K
  class space    used 3397K, capacity 3473K, committed 3584K, reserved 1048576K

