# JRE version: OpenJDK Runtime Environment (8.0_222-b10) (build 1.8.0_222-8u222-b10-1ubuntu1~16.04.1-b10)
# Java VM: OpenJDK 64-Bit Server VM (25.222-b10 mixed mode linux-amd64 compressed oops)
Heap:
 PSYoungGen      total 75776K, used 10155K [0x00000000d6800000, 0x00000000dc100000, 0x0000000100000000)
  eden space 62976K, 0% used [0x00000000d6800000,0x00000000d6800000,0x00000000da580000)
  from space 12800K, 79% used [0x00000000da580000,0x00000000daf6af88,0x00000000db200000)
  to   space 10240K, 0% used [0x00000000db200000,0x00000000db200000,0x00000000dbc00000)
 ParOldGen       total 86016K, used 6940K [0x0000000083800000, 0x0000000088c00000, 0x00000000d6800000)
  object space 86016K, 8% used [0x0000000083800000,0x0000000083ec72e0,0x0000000088c00000)
 Metaspace       used 15856K, capacity 16114K, committed 16384K, reserved 1064960K
  class space    used 1674K, capacity 1751K, committed 1792K, reserved 1048576K
GC Heap History (10 events):
Event: 1.243 GC heap after
Heap after GC invocations=2 (full 0):
 PSYoungGen      total 37888K, used 2640K [0x00000000d6800000, 0x00000000d9200000, 0x0000000100000000)
  eden space 32768K, 0% used [0x00000000d6800000,0x00000000d6800000,0x00000000d8800000)
  from space 5120K, 51% used [0x00000000d8d00000,0x00000000d8f94010,0x00000000d9200000)
  to   space 5120K, 0% used [0x00000000d8800000,0x00000000d8800000,0x00000000d8d00000)
 ParOldGen       total 86016K, used 88K [0x0000000083800000, 0x0000000088c00000, 0x00000000d6800000)
  object space 86016K, 0% used [0x0000000083800000,0x0000000083816010,0x0000000088c00000)
 Metaspace       used 7569K, capacity 7708K, committed 8064K, reserved 1056768K
  class space    used 768K, capacity 794K, committed 896K, reserved 1048576K
}
Event: 1.438 GC heap before
{Heap before GC invocations=3 (full 0):
 PSYoungGen      total 37888K, used 35408K [0x00000000d6800000, 0x00000000d9200000, 0x0000000100000000)
  eden space 32768K, 100% used [0x00000000d6800000,0x00000000d8800000,0x00000000d8800000)
  from space 5120K, 51% used [0x00000000d8d00000,0x00000000d8f94010,0x00000000d9200000)
  to   space 5120K, 0% used [0x00000000d8800000,0x00000000d8800000,0x00000000d8d00000)
 ParOldGen       total 86016K, used 88K [0x0000000083800000, 0x0000000088c00000, 0x00000000d6800000)
  object space 86016K, 0% used [0x0000000083800000,0x0000000083816010,0x0000000088c00000)
 Metaspace       used 7933K, capacity 8110K, committed 8320K, reserved 1056768K
  class space    used 813K, capacity 861K, committed 896K, reserved 1048576K
Event: 1.440 GC heap after
Heap after GC invocations=3 (full 0):
 PSYoungGen      total 37888K, used 2512K [0x00000000d6800000, 0x00000000d9200000, 0x0000000100000000)
  eden space 32768K, 0% used [0x00000000d6800000,0x00000000d6800000,0x00000000d8800000)
  from space 5120K, 49% used [0x00000000d8800000,0x00000000d8a74070,0x00000000d8d00000)
  to   space 5120K, 0% used [0x00000000d8d00000,0x00000000d8d00000,0x00000000d9200000)
 ParOldGen       total 86016K, used 96K [0x0000000083800000, 0x0000000088c00000, 0x00000000d6800000)
  object space 86016K, 0% used [0x0000000083800000,0x0000000083818010,0x0000000088c00000)
 Metaspace       used 7933K, capacity 8110K, committed 8320K, reserved 1056768K
  class space    used 813K, capacity 861K, committed 896K, reserved 1048576K
}
Event: 1.982 GC heap before
{Heap before GC invocations=4 (full 0):
 PSYoungGen      total 37888K, used 35280K [0x00000000d6800000, 0x00000000d9200000, 0x0000000100000000)
  eden space 32768K, 100% used [0x00000000d6800000,0x00000000d8800000,0x00000000d8800000)
  from space 5120K, 49% used [0x00000000d8800000,0x00000000d8a74070,0x00000000d8d00000)
  to   space 5120K, 0% used [0x00000000d8d00000,0x00000000d8d00000,0x00000000d9200000)
 ParOldGen       total 86016K, used 96K [0x0000000083800000, 0x0000000088c00000, 0x00000000d6800000)
  object space 86016K, 0% used [0x0000000083800000,0x0000000083818010,0x0000000088c00000)
 Metaspace       used 12608K, capacity 12750K, committed 12928K, reserved 1060864K
  class space    used 1387K, capacity 1405K, committed 1408K, reserved 1048576K
Event: 1.988 GC heap after
Heap after GC invocations=4 (full 0):
 PSYoungGen      total 37888K, used 5115K [0x00000000d6800000, 0x00000000d9200000, 0x0000000100000000)
  eden space 32768K, 0% used [0x00000000d6800000,0x00000000d6800000,0x00000000d8800000)
  from space 5120K, 99% used [0x00000000d8d00000,0x00000000d91fee40,0x00000000d9200000)
  to   space 5120K, 0% used [0x00000000d8800000,0x00000000d8800000,0x00000000d8d00000)
 ParOldGen       total 86016K, used 2397K [0x0000000083800000, 0x0000000088c00000, 0x00000000d6800000)
  object space 86016K, 2% used [0x0000000083800000,0x0000000083a57520,0x0000000088c00000)
 Metaspace       used 12608K, capacity 12750K, committed 12928K, reserved 1060864K
  class space    used 1387K, capacity 1405K, committed 1408K, reserved 1048576K
}
Event: 2.377 GC heap before
{Heap before GC invocations=5 (full 0):
 PSYoungGen      total 37888K, used 37883K [0x00000000d6800000, 0x00000000d9200000, 0x0000000100000000)
  eden space 32768K, 100% used [0x00000000d6800000,0x00000000d8800000,0x00000000d8800000)
  from space 5120K, 99% used [0x00000000d8d00000,0x00000000d91fee40,0x00000000d9200000)
  to   space 5120K, 0% used [0x00000000d8800000,0x00000000d8800000,0x00000000d8d00000)
 ParOldGen       total 86016K, used 2397K [0x0000000083800000, 0x0000000088c00000, 0x00000000d6800000)
  object space 86016K, 2% used [0x0000000083800000,0x0000000083a57520,0x0000000088c00000)
 Metaspace       used 13831K, capacity 14036K, committed 14080K, reserved 1062912K
  class space    used 1494K, capacity 1534K, committed 1536K, reserved 1048576K
Event: 2.384 GC heap after
Heap after GC invocations=5 (full 0):
 PSYoungGen      total 37888K, used 5111K [0x00000000d6800000, 0x00000000dbc00000, 0x0000000100000000)
  eden space 32768K, 0% used [0x00000000d6800000,0x00000000d6800000,0x00000000d8800000)
  from space 5120K, 99% used [0x00000000d8800000,0x00000000d8cfde20,0x00000000d8d00000)
  to   space 10240K, 0% used [0x00000000db200000,0x00000000db200000,0x00000000dbc00000)
 ParOldGen       total 86016K, used 5284K [0x0000000083800000, 0x0000000088c00000, 0x00000000d6800000)
  object space 86016K, 6% used [0x0000000083800000,0x0000000083d291c0,0x0000000088c00000)
 Metaspace       used 13831K, capacity 14036K, committed 14080K, reserved 1062912K
  class space    used 1494K, capacity 1534K, committed 1536K, reserved 1048576K
}
Event: 2.694 GC heap before
{Heap before GC invocations=6 (full 0):
 PSYoungGen      total 37888K, used 37879K [0x00000000d6800000, 0x00000000dbc00000, 0x0000000100000000)
  eden space 32768K, 100% used [0x00000000d6800000,0x00000000d8800000,0x00000000d8800000)
  from space 5120K, 99% used [0x00000000d8800000,0x00000000d8cfde20,0x00000000d8d00000)
  to   space 10240K, 0% used [0x00000000db200000,0x00000000db200000,0x00000000dbc00000)
 ParOldGen       total 86016K, used 5284K [0x0000000083800000, 0x0000000088c00000, 0x00000000d6800000)
  object space 86016K, 6% used [0x0000000083800000,0x0000000083d291c0,0x0000000088c00000)
 Metaspace       used 14380K, capacity 14514K, committed 14720K, reserved 1062912K
  class space    used 1515K, capacity 1539K, committed 1664K, reserved 1048576K
Event: 2.703 GC heap after
Heap after GC invocations=6 (full 0):
 PSYoungGen      total 73216K, used 10214K [0x00000000d6800000, 0x00000000dc100000, 0x0000000100000000)
  eden space 62976K, 0% used [0x00000000d6800000,0x00000000d6800000,0x00000000da580000)
  from space 10240K, 99% used [0x00000000db200000,0x00000000dbbf9bd8,0x00000000dbc00000)
  to   space 12800K, 0% used [0x00000000da580000,0x00000000da580000,0x00000000db200000)
 ParOldGen       total 86016K, used 5940K [0x0000000083800000, 0x0000000088c00000, 0x00000000d6800000)
  object space 86016K, 6% used [0x0000000083800000,0x0000000083dcd1f0,0x0000000088c00000)
 Metaspace       used 14380K, capacity 14514K, committed 14720K, reserved 1062912K
  class space    used 1515K, capacity 1539K, committed 1664K, reserved 1048576K
}
Event: 8110.976 GC heap before
{Heap before GC invocations=7 (full 0):
 PSYoungGen      total 73216K, used 73190K [0x00000000d6800000, 0x00000000dc100000, 0x0000000100000000)
  eden space 62976K, 100% used [0x00000000d6800000,0x00000000da580000,0x00000000da580000)
  from space 10240K, 99% used [0x00000000db200000,0x00000000dbbf9bd8,0x00000000dbc00000)
  to   space 12800K, 0% used [0x00000000da580000,0x00000000da580000,0x00000000db200000)
 ParOldGen       total 86016K, used 5940K [0x0000000083800000, 0x0000000088c00000, 0x00000000d6800000)
  object space 86016K, 6% used [0x0000000083800000,0x0000000083dcd1f0,0x0000000088c00000)
 Metaspace       used 15856K, capacity 16114K, committed 16384K, reserved 1064960K
  class space    used 1674K, capacity 1751K, committed 1792K, reserved 1048576K

